<?xml version="1.0" encoding="UTF-8"?>
<!-- Generated by org.testng.reporters.JUnitReportReporter -->
<testsuite hostname="360NDCLP414" failures="0" tests="2" name="homePage.VerifyGoAddFreeCTA" time="108.782" errors="0" timestamp="2023-06-16T23:43:25 IST" skipped="0">
  <testcase classname="homePage.VerifyGoAddFreeCTA" name="verifyGoCommercialFreeCTA" time="41.032"/>
  <system-out>
    <![CDATA[Test started- verifyGoCommercialFreeCTA
Test completed successfully- verifyGoCommercialFreeCTA]]>
  </system-out>
  <testcase classname="homePage.VerifyGoAddFreeCTA" name="verifyGoCommercialFreeCTA" time="67.750"/>
  <system-out>
    <![CDATA[Test started- verifyGoCommercialFreeCTA
Test completed successfully- verifyGoCommercialFreeCTA]]>
  </system-out>
</testsuite> <!-- homePage.VerifyGoAddFreeCTA -->
