<?xml version="1.0" encoding="UTF-8"?>
<!-- Generated by org.testng.reporters.JUnitReportReporter -->
<testsuite hostname="360NDCLP414" failures="0" tests="2" name="moviesPage.VerifyWatchlistSelectedMovie" time="61.105" errors="0" timestamp="2023-09-21T00:00:50 IST" skipped="0">
  <testcase classname="moviesPage.VerifyWatchlistSelectedMovie" name="verifyWatchlistSelectedMovie" time="60.798"/>
  <system-out>
    <![CDATA[Test started- verifyWatchlistSelectedMovie
Test completed successfully- verifyWatchlistSelectedMovie]]>
  </system-out>
  <testcase classname="moviesPage.VerifyWatchlistSelectedMovie" name="removeMovieFromMyList" time="0.307"/>
  <system-out>
    <![CDATA[Test started- removeMovieFromMyList
Test completed successfully- removeMovieFromMyList]]>
  </system-out>
</testsuite> <!-- moviesPage.VerifyWatchlistSelectedMovie -->
