<?xml version="1.0" encoding="UTF-8"?>
<!-- Generated by org.testng.reporters.JUnitReportReporter -->
<testsuite hostname="360NDCLP414" failures="0" tests="1" name="myListPage.VerifyMyListShowsSelectedContent" time="60.026" errors="0" timestamp="2023-06-02T01:03:46 IST" skipped="0">
  <testcase classname="myListPage.VerifyMyListShowsSelectedContent" name="VerifySelectedContentOnMyList" time="60.026"/>
  <system-out>
    <![CDATA[Test started- VerifySelectedContentOnMyList
Test completed successfully- VerifySelectedContentOnMyList]]>
  </system-out>
</testsuite> <!-- myListPage.VerifyMyListShowsSelectedContent -->
