<?xml version="1.0" encoding="UTF-8"?>
<!-- Generated by org.testng.reporters.JUnitReportReporter -->
<testsuite hostname="360NDCLP414" failures="0" tests="1" name="searchResult.VerifySearchResult" time="66.377" errors="0" timestamp="2023-06-16T23:43:25 IST" skipped="0">
  <testcase classname="searchResult.VerifySearchResult" name="performSearchAndVerifyResult" time="66.377"/>
  <system-out>
    <![CDATA[Test started- performSearchAndVerifyResult
Test completed successfully- performSearchAndVerifyResult]]>
  </system-out>
</testsuite> <!-- searchResult.VerifySearchResult -->
