<?xml version="1.0" encoding="UTF-8"?>
<!-- Generated by org.testng.reporters.JUnitReportReporter -->
<testsuite hostname="360NDCLP414" failures="0" tests="1" name="userProfile.VerifyDeleteKidsProfile" time="55.968" errors="0" timestamp="2023-06-16T23:43:25 IST" skipped="0">
  <testcase classname="userProfile.VerifyDeleteKidsProfile" name="deleteKidsUserProfile" time="55.968"/>
  <system-out>
    <![CDATA[Test started- deleteKidsUserProfile
Test completed successfully- deleteKidsUserProfile]]>
  </system-out>
</testsuite> <!-- userProfile.VerifyDeleteKidsProfile -->
