<?xml version="1.0" encoding="UTF-8"?>
<!-- Generated by org.testng.reporters.JUnitReportReporter -->
<testsuite hostname="360NDCLP414" failures="0" tests="1" name="moviesPage.VerifyNonWatchlistSelectedMovie" time="67.625" errors="0" timestamp="2023-06-16T23:43:25 IST" skipped="0">
  <testcase classname="moviesPage.VerifyNonWatchlistSelectedMovie" name="verifyNonWatchlistSelectMovie" time="67.625"/>
  <system-out>
    <![CDATA[Test started- verifyNonWatchlistSelectMovie
Test completed successfully- verifyNonWatchlistSelectMovie]]>
  </system-out>
</testsuite> <!-- moviesPage.VerifyNonWatchlistSelectedMovie -->
