<?xml version="1.0" encoding="UTF-8"?>
<!-- Generated by org.testng.reporters.JUnitReportReporter -->
<testsuite hostname="360NDCLP414" failures="0" tests="1" name="userProfile.VerifyDeleteNewProfile" time="30.733" errors="0" timestamp="2023-06-02T01:03:46 IST" skipped="0">
  <testcase classname="userProfile.VerifyDeleteNewProfile" name="deleteNewProfile" time="30.733"/>
  <system-out>
    <![CDATA[Test started- deleteNewProfile
Test completed successfully- deleteNewProfile]]>
  </system-out>
</testsuite> <!-- userProfile.VerifyDeleteNewProfile -->
