<?xml version="1.0" encoding="UTF-8"?>
<!-- Generated by org.testng.reporters.JUnitReportReporter -->
<testsuite hostname="360NDCLP414" failures="0" tests="1" name="moviesPage.VerifyWatchlistSelectedMovie" time="72.835" errors="0" timestamp="2023-06-16T23:43:25 IST" skipped="0">
  <testcase classname="moviesPage.VerifyWatchlistSelectedMovie" name="verifyWatchlistSelectedMovie" time="72.835"/>
  <system-out>
    <![CDATA[Test started- verifyWatchlistSelectedMovie
Test completed successfully- verifyWatchlistSelectedMovie]]>
  </system-out>
</testsuite> <!-- moviesPage.VerifyWatchlistSelectedMovie -->
