<?xml version="1.0" encoding="UTF-8"?>
<!-- Generated by org.testng.reporters.JUnitReportReporter -->
<testsuite hostname="360NDCLP414" failures="0" tests="1" name="homePage.VerifyHomePage" time="42.863" errors="0" timestamp="2023-09-21T00:00:50 IST" skipped="0">
  <testcase classname="homePage.VerifyHomePage" name="homePage" time="42.863"/>
  <system-out>
    <![CDATA[Test started- homePage
Test completed successfully- homePage]]>
  </system-out>
</testsuite> <!-- homePage.VerifyHomePage -->
