<?xml version="1.0" encoding="UTF-8"?>
<!-- Generated by org.testng.reporters.JUnitReportReporter -->
<testsuite hostname="360NDCLP414" failures="0" tests="2" name="newAccount.VerifyAnnualEssentialUserCreation" time="14.760" errors="0" timestamp="2023-09-21T00:00:50 IST" skipped="0">
  <testcase classname="newAccount.VerifyAnnualEssentialUserCreation" name="verifyAnnualEssentialUserCreation" time="5.775"/>
  <system-out>
    <![CDATA[Test started- verifyAnnualEssentialUserCreation
Test completed successfully- verifyAnnualEssentialUserCreation]]>
  </system-out>
  <testcase classname="newAccount.VerifyAnnualEssentialUserCreation" name="makePayment" time="8.985"/>
  <system-out>
    <![CDATA[Test started- makePayment
Test completed successfully- makePayment]]>
  </system-out>
</testsuite> <!-- newAccount.VerifyAnnualEssentialUserCreation -->
