<?xml version="1.0" encoding="UTF-8"?>
<!-- Generated by org.testng.reporters.JUnitReportReporter -->
<testsuite hostname="360NDCLP414" failures="0" tests="1" name="upsellPage.VerifySignInCTA" time="0.059" errors="0" timestamp="2023-09-21T00:00:50 IST" skipped="0">
  <testcase classname="upsellPage.VerifySignInCTA" name="signInCTA" time="0.059"/>
  <system-out>
    <![CDATA[Test started- signInCTA
Test completed successfully- signInCTA]]>
  </system-out>
</testsuite> <!-- upsellPage.VerifySignInCTA -->
