<?xml version="1.0" encoding="UTF-8"?>
<!-- Generated by org.testng.reporters.JUnitReportReporter -->
<testsuite hostname="360NDCLP414" failures="0" tests="1" name="myListPage.VerifyWatchlistSelectedShow" time="33.081" errors="0" timestamp="2023-06-02T01:03:46 IST" skipped="0">
  <testcase classname="myListPage.VerifyWatchlistSelectedShow" name="verifyWatchlistSelectedShow" time="33.081"/>
  <system-out>
    <![CDATA[Test started- verifyWatchlistSelectedShow
Test completed successfully- verifyWatchlistSelectedShow]]>
  </system-out>
</testsuite> <!-- myListPage.VerifyWatchlistSelectedShow -->
