<?xml version="1.0" encoding="UTF-8"?>
<!-- Generated by org.testng.reporters.JUnitReportReporter -->
<testsuite hostname="360NDCLP414" failures="0" tests="1" name="showsPage.VerifyNonWatchlistSelectedShow" time="73.430" errors="0" timestamp="2023-06-16T23:43:25 IST" skipped="0">
  <testcase classname="showsPage.VerifyNonWatchlistSelectedShow" name="verifyNonWatchlistSelectedShow" time="73.430"/>
  <system-out>
    <![CDATA[Test started- verifyNonWatchlistSelectedShow
Test completed successfully- verifyNonWatchlistSelectedShow]]>
  </system-out>
</testsuite> <!-- showsPage.VerifyNonWatchlistSelectedShow -->
