<?xml version="1.0" encoding="UTF-8"?>
<!-- Generated by org.testng.reporters.JUnitReportReporter -->
<testsuite hostname="360NDCLP414" failures="0" tests="1" name="newAccount.VerifyPlanPage" time="12.542" errors="0" timestamp="2023-06-08T03:56:44 IST" skipped="0">
  <testcase classname="newAccount.VerifyPlanPage" name="planPage" time="12.542"/>
  <system-out>
    <![CDATA[Test started- planPage
Test completed successfully- planPage]]>
  </system-out>
</testsuite> <!-- newAccount.VerifyPlanPage -->
