<?xml version="1.0" encoding="UTF-8"?>
<!-- Generated by org.testng.reporters.JUnitReportReporter -->
<testsuite hostname="360NDCLP414" failures="0" tests="1" name="myListPage.VerifyWatchlistSelectedShow" time="51.137" errors="0" timestamp="2023-06-03T03:41:04 IST" skipped="0">
  <testcase classname="myListPage.VerifyWatchlistSelectedShow" name="verifyWatchlistSelectedShow" time="51.137"/>
  <system-out>
    <![CDATA[Test started- verifyWatchlistSelectedShow
Test completed successfully- verifyWatchlistSelectedShow]]>
  </system-out>
</testsuite> <!-- myListPage.VerifyWatchlistSelectedShow -->
