<?xml version="1.0" encoding="UTF-8"?>
<!-- Generated by org.testng.reporters.JUnitReportReporter -->
<testsuite hostname="360NDCLP414" failures="0" tests="1" name="showsPage.VerifyKidsCategoryPosition" time="60.363" errors="0" timestamp="2023-06-17T02:41:57 IST" skipped="0">
  <testcase classname="showsPage.VerifyKidsCategoryPosition" name="verifyKidsCategoryPosition" time="60.363"/>
  <system-out>
    <![CDATA[Test started- verifyKidsCategoryPosition
Test completed successfully- verifyKidsCategoryPosition]]>
  </system-out>
</testsuite> <!-- showsPage.VerifyKidsCategoryPosition -->
