<?xml version="1.0" encoding="UTF-8"?>
<!-- Generated by org.testng.reporters.JUnitReportReporter -->
<testsuite hostname="360NDCLP414" failures="0" tests="1" name="showsPage.VerifyRegisteredUserSeeRainmaker" time="45.962" errors="0" timestamp="2023-06-16T23:43:25 IST" skipped="0">
  <testcase classname="showsPage.VerifyRegisteredUserSeeRainmaker" name="verifyRegisteredUserSeeRainmaker" time="45.962"/>
  <system-out>
    <![CDATA[Test started- verifyRegisteredUserSeeRainmaker
Test completed successfully- verifyRegisteredUserSeeRainmaker]]>
  </system-out>
</testsuite> <!-- showsPage.VerifyRegisteredUserSeeRainmaker -->
