<?xml version="1.0" encoding="UTF-8"?>
<!-- Generated by org.testng.reporters.JUnitReportReporter -->
<testsuite hostname="360NDCLP414" failures="0" tests="1" name="userProfile.VerifyNoShowPickerForKidsProfile" time="72.819" errors="0" timestamp="2023-06-16T23:43:25 IST" skipped="0">
  <testcase classname="userProfile.VerifyNoShowPickerForKidsProfile" name="noShowPickerForKidsProfile" time="72.819"/>
  <system-out>
    <![CDATA[Test started- noShowPickerForKidsProfile
Test completed successfully- noShowPickerForKidsProfile]]>
  </system-out>
</testsuite> <!-- userProfile.VerifyNoShowPickerForKidsProfile -->
