<?xml version="1.0" encoding="UTF-8"?>
<!-- Generated by org.testng.reporters.JUnitReportReporter -->
<testsuite hostname="360NDCLP414" failures="0" tests="1" name="userProfile.VerifyAdultUserProfile" time="41.892" errors="0" timestamp="2023-06-02T01:03:46 IST" skipped="0">
  <testcase classname="userProfile.VerifyAdultUserProfile" name="verifyAdultUserProfilePicker" time="41.892"/>
  <system-out>
    <![CDATA[Test started- verifyAdultUserProfilePicker
Test completed successfully- verifyAdultUserProfilePicker]]>
  </system-out>
</testsuite> <!-- userProfile.VerifyAdultUserProfile -->
