<?xml version="1.0" encoding="UTF-8"?>
<!-- Generated by org.testng.reporters.JUnitReportReporter -->
<testsuite hostname="360NDCLP414" failures="0" tests="1" name="myListPage.VerifyNonWatchlistSelectedShow" time="42.003" errors="0" timestamp="2023-06-02T01:03:46 IST" skipped="0">
  <testcase classname="myListPage.VerifyNonWatchlistSelectedShow" name="verifyNonWatchlistSelectedShow" time="42.003"/>
  <system-out>
    <![CDATA[Test started- verifyNonWatchlistSelectedShow
Test completed successfully- verifyNonWatchlistSelectedShow]]>
  </system-out>
</testsuite> <!-- myListPage.VerifyNonWatchlistSelectedShow -->
