<?xml version="1.0" encoding="UTF-8"?>
<!-- Generated by org.testng.reporters.JUnitReportReporter -->
<testsuite hostname="360NDCLP414" failures="0" tests="1" name="showsPage.VerifyWatchlistSelectedShow" time="74.486" errors="0" timestamp="2023-06-16T23:43:25 IST" skipped="0">
  <testcase classname="showsPage.VerifyWatchlistSelectedShow" name="verifyWatchlistSelectedShow" time="74.486"/>
  <system-out>
    <![CDATA[Test started- verifyWatchlistSelectedShow
Test completed successfully- verifyWatchlistSelectedShow]]>
  </system-out>
</testsuite> <!-- showsPage.VerifyWatchlistSelectedShow -->
