<?xml version="1.0" encoding="UTF-8"?>
<!-- Generated by org.testng.reporters.JUnitReportReporter -->
<testsuite hostname="360NDCLP414" failures="0" tests="1" name="myListPage.VerifyRecentAdditionToMyList" time="45.536" errors="0" timestamp="2023-06-02T01:03:46 IST" skipped="0">
  <testcase classname="myListPage.VerifyRecentAdditionToMyList" name="verifyRecentAdditionToMylist" time="45.536"/>
  <system-out>
    <![CDATA[Test started- verifyRecentAdditionToMylist
Test completed successfully- verifyRecentAdditionToMylist]]>
  </system-out>
</testsuite> <!-- myListPage.VerifyRecentAdditionToMyList -->
