<?xml version="1.0" encoding="UTF-8"?>
<!-- Generated by org.testng.reporters.JUnitReportReporter -->
<testsuite hostname="360NDCLP414" failures="0" tests="1" name="upsellPage.VerifyStudentsUpsellCopy" time="5.345" errors="0" timestamp="2023-06-08T03:56:45 IST" skipped="0">
  <testcase classname="upsellPage.VerifyStudentsUpsellCopy" name="verifySudentUpsellCopy" time="5.345"/>
  <system-out>
    <![CDATA[Test started- verifySudentUpsellCopy
Test completed successfully- verifySudentUpsellCopy]]>
  </system-out>
</testsuite> <!-- upsellPage.VerifyStudentsUpsellCopy -->
