<?xml version="1.0" encoding="UTF-8"?>
<!-- Generated by org.testng.reporters.JUnitReportReporter -->
<testsuite hostname="360NDCLP414" failures="0" tests="1" name="homePage.VerifyMyListCarouselDisplayed" time="110.463" errors="0" timestamp="2023-06-08T03:56:45 IST" skipped="0">
  <testcase classname="homePage.VerifyMyListCarouselDisplayed" name="verifyMyListCarouselIsDisplayed" time="110.463"/>
  <system-out>
    <![CDATA[Test started- verifyMyListCarouselIsDisplayed
Test completed successfully- verifyMyListCarouselIsDisplayed]]>
  </system-out>
</testsuite> <!-- homePage.VerifyMyListCarouselDisplayed -->
