<?xml version="1.0" encoding="UTF-8"?>
<!-- Generated by org.testng.reporters.JUnitReportReporter -->
<testsuite hostname="360NDCLP414" failures="0" tests="1" name="searchResult.VerifyPreSearchPlaceholder" time="42.989" errors="0" timestamp="2023-09-21T00:00:50 IST" skipped="0">
  <testcase classname="searchResult.VerifyPreSearchPlaceholder" name="preSearchPlaceholder" time="42.989"/>
  <system-out>
    <![CDATA[Test started- preSearchPlaceholder
Test completed successfully- preSearchPlaceholder]]>
  </system-out>
</testsuite> <!-- searchResult.VerifyPreSearchPlaceholder -->
