<?xml version="1.0" encoding="UTF-8"?>
<!-- Generated by org.testng.reporters.JUnitReportReporter -->
<testsuite hostname="360NDCLP414" failures="0" tests="1" name="myListPage.VerifyRecentAdditionToMyList" time="90.101" errors="0" timestamp="2023-06-16T23:43:25 IST" skipped="0">
  <testcase classname="myListPage.VerifyRecentAdditionToMyList" name="verifyRecentAdditionToMylist" time="90.101"/>
  <system-out>
    <![CDATA[Test started- verifyRecentAdditionToMylist
Test completed successfully- verifyRecentAdditionToMylist]]>
  </system-out>
</testsuite> <!-- myListPage.VerifyRecentAdditionToMyList -->
