<?xml version="1.0" encoding="UTF-8"?>
<!-- Generated by org.testng.reporters.JUnitReportReporter -->
<testsuite hostname="360NDCLP414" failures="0" tests="2" name="userProfile.VerifyProfileNameCappedAt16Chars" time="54.271" errors="0" timestamp="2023-09-21T00:00:50 IST" skipped="0">
  <testcase classname="userProfile.VerifyProfileNameCappedAt16Chars" name="VerifyProfileLengthOnShowPicker" time="53.204"/>
  <system-out>
    <![CDATA[Test started- VerifyProfileLengthOnShowPicker
Test completed successfully- VerifyProfileLengthOnShowPicker]]>
  </system-out>
  <testcase classname="userProfile.VerifyProfileNameCappedAt16Chars" name="deleteProfile" time="1.067"/>
  <system-out>
    <![CDATA[Test started- deleteProfile
Test completed successfully- deleteProfile]]>
  </system-out>
</testsuite> <!-- userProfile.VerifyProfileNameCappedAt16Chars -->
