<?xml version="1.0" encoding="UTF-8"?>
<!-- Generated by org.testng.reporters.JUnitReportReporter -->
<testsuite hostname="360NDCLP414" failures="0" tests="1" name="myListPage.VerifyEditMyListContent" time="38.935" errors="0" timestamp="2023-06-02T01:03:46 IST" skipped="0">
  <testcase classname="myListPage.VerifyEditMyListContent" name="editMyList" time="38.935"/>
  <system-out>
    <![CDATA[Test started- editMyList
Test completed successfully- editMyList]]>
  </system-out>
</testsuite> <!-- myListPage.VerifyEditMyListContent -->
