<?xml version="1.0" encoding="UTF-8"?>
<!-- Generated by org.testng.reporters.JUnitReportReporter -->
<testsuite hostname="360NDCLP414" failures="0" tests="1" name="myListPage.VerifyEditMyListContent" time="65.497" errors="0" timestamp="2023-06-16T23:43:25 IST" skipped="0">
  <testcase classname="myListPage.VerifyEditMyListContent" name="editMyList" time="65.497"/>
  <system-out>
    <![CDATA[Test started- editMyList
Test completed successfully- editMyList]]>
  </system-out>
</testsuite> <!-- myListPage.VerifyEditMyListContent -->
