<?xml version="1.0" encoding="UTF-8"?>
<!-- Generated by org.testng.reporters.JUnitReportReporter -->
<testsuite hostname="360NDCLP414" failures="0" tests="2" name="upsellPage.VerifyUpsellPage" time="50.463" errors="0" timestamp="2023-09-21T00:00:50 IST" skipped="0">
  <testcase classname="upsellPage.VerifyUpsellPage" name="verifyUpsellPage" time="41.229"/>
  <system-out>
    <![CDATA[Test started- verifyUpsellPage
Test completed successfully- verifyUpsellPage]]>
  </system-out>
  <testcase classname="upsellPage.VerifyUpsellPage" name="verifyUpsellPage" time="9.234"/>
  <system-out>
    <![CDATA[Test started- verifyUpsellPage
Test completed successfully- verifyUpsellPage]]>
  </system-out>
</testsuite> <!-- upsellPage.VerifyUpsellPage -->
