<?xml version="1.0" encoding="UTF-8"?>
<!-- Generated by org.testng.reporters.JUnitReportReporter -->
<testsuite hostname="360NDCLP414" failures="0" tests="1" name="homePage.VerifyFooterParamountLogo" time="38.376" errors="0" timestamp="2023-09-21T00:00:50 IST" skipped="0">
  <testcase classname="homePage.VerifyFooterParamountLogo" name="verifyFooterLogo" time="38.376"/>
  <system-out>
    <![CDATA[Test started- verifyFooterLogo
Test completed successfully- verifyFooterLogo]]>
  </system-out>
</testsuite> <!-- homePage.VerifyFooterParamountLogo -->
