<?xml version="1.0" encoding="UTF-8"?>
<!-- Generated by org.testng.reporters.JUnitReportReporter -->
<testsuite hostname="360NDCLP414" failures="0" tests="1" name="homePage.VerifyKeepWatchingCarousel" time="86.918" errors="0" timestamp="2023-09-21T00:00:50 IST" skipped="0">
  <testcase classname="homePage.VerifyKeepWatchingCarousel" name="keepWatchingCarouserl" time="86.918"/>
  <system-out>
    <![CDATA[Test started- keepWatchingCarouserl
Test completed successfully- keepWatchingCarouserl]]>
  </system-out>
</testsuite> <!-- homePage.VerifyKeepWatchingCarousel -->
