<?xml version="1.0" encoding="UTF-8"?>
<!-- Generated by org.testng.reporters.JUnitReportReporter -->
<testsuite hostname="360NDCLP414" failures="0" tests="1" name="upsellPage.VerifySignInCTA" time="0.068" errors="0" timestamp="2023-06-02T01:03:46 IST" skipped="0">
  <testcase classname="upsellPage.VerifySignInCTA" name="signInCTA" time="0.068"/>
  <system-out>
    <![CDATA[Test started- signInCTA
Test completed successfully- signInCTA]]>
  </system-out>
</testsuite> <!-- upsellPage.VerifySignInCTA -->
