<?xml version="1.0" encoding="UTF-8"?>
<!-- Generated by org.testng.reporters.JUnitReportReporter -->
<testsuite hostname="360NDCLP414" failures="0" tests="1" name="userProfile.VerifyAdultUserProfile" time="42.530" errors="0" timestamp="2023-09-21T00:00:50 IST" skipped="0">
  <testcase classname="userProfile.VerifyAdultUserProfile" name="verifyAdultUserProfilePicker" time="42.530"/>
  <system-out>
    <![CDATA[Test started- verifyAdultUserProfilePicker
Test completed successfully- verifyAdultUserProfilePicker]]>
  </system-out>
</testsuite> <!-- userProfile.VerifyAdultUserProfile -->
