<?xml version="1.0" encoding="UTF-8"?>
<!-- Generated by org.testng.reporters.JUnitReportReporter -->
<testsuite hostname="360NDCLP414" failures="0" tests="1" name="myListPage.VerifyNonWatchlistSelectedShow" time="49.077" errors="0" timestamp="2023-06-03T03:41:04 IST" skipped="0">
  <testcase classname="myListPage.VerifyNonWatchlistSelectedShow" name="verifyNonWatchlistSelectedShow" time="49.077"/>
  <system-out>
    <![CDATA[Test started- verifyNonWatchlistSelectedShow
Test completed successfully- verifyNonWatchlistSelectedShow]]>
  </system-out>
</testsuite> <!-- myListPage.VerifyNonWatchlistSelectedShow -->
