<?xml version="1.0" encoding="UTF-8"?>
<!-- Generated by org.testng.reporters.JUnitReportReporter -->
<testsuite hostname="360NDCLP414" failures="0" tests="2" name="showsPage.VerifyWatchlistSelectedShow" time="64.012" errors="0" timestamp="2023-09-21T00:00:50 IST" skipped="0">
  <testcase classname="showsPage.VerifyWatchlistSelectedShow" name="verifyWatchlistSelectedShow" time="46.535"/>
  <system-out>
    <![CDATA[Test started- verifyWatchlistSelectedShow
Test completed successfully- verifyWatchlistSelectedShow]]>
  </system-out>
  <testcase classname="showsPage.VerifyWatchlistSelectedShow" name="removeShowFromMyList" time="17.477"/>
  <system-out>
    <![CDATA[Test started- removeShowFromMyList
Test completed successfully- removeShowFromMyList]]>
  </system-out>
</testsuite> <!-- showsPage.VerifyWatchlistSelectedShow -->
