<?xml version="1.0" encoding="UTF-8"?>
<!-- Generated by org.testng.reporters.JUnitReportReporter -->
<testsuite hostname="360NDCLP414" failures="0" tests="2" name="newAccount.VerifyShowpickerForNewProfile" time="173.756" errors="0" timestamp="2023-09-21T00:00:50 IST" skipped="0">
  <testcase classname="newAccount.VerifyShowpickerForNewProfile" name="verifyShowpickerForNewProfile" time="91.274"/>
  <system-out>
    <![CDATA[Test started- verifyShowpickerForNewProfile
Test completed successfully- verifyShowpickerForNewProfile]]>
  </system-out>
  <testcase classname="newAccount.VerifyShowpickerForNewProfile" name="verifyShowpickerForNewProfile" time="82.482"/>
  <system-out>
    <![CDATA[Test started- verifyShowpickerForNewProfile
Test completed successfully- verifyShowpickerForNewProfile]]>
  </system-out>
</testsuite> <!-- newAccount.VerifyShowpickerForNewProfile -->
