<?xml version="1.0" encoding="UTF-8"?>
<!-- Generated by org.testng.reporters.JUnitReportReporter -->
<testsuite hostname="360NDCLP414" failures="0" tests="1" name="homePage.VerifyMyListCarouselNotDisplayed" time="119.646" errors="0" timestamp="2023-06-08T03:56:45 IST" skipped="0">
  <testcase classname="homePage.VerifyMyListCarouselNotDisplayed" name="verifyNoMyListCarousel" time="119.646"/>
  <system-out>
    <![CDATA[Test started- verifyNoMyListCarousel
Test completed successfully- verifyNoMyListCarousel]]>
  </system-out>
</testsuite> <!-- homePage.VerifyMyListCarouselNotDisplayed -->
