<?xml version="1.0" encoding="UTF-8"?>
<!-- Generated by org.testng.reporters.JUnitReportReporter -->
<testsuite hostname="360NDCLP414" failures="0" tests="2" name="newAccount.VerifyAnnualPremiumUserCreation" time="15.225" errors="0" timestamp="2023-09-21T00:00:50 IST" skipped="0">
  <testcase classname="newAccount.VerifyAnnualPremiumUserCreation" name="verifyAnnualPremiumUserCreation" time="6.250"/>
  <system-out>
    <![CDATA[Test started- verifyAnnualPremiumUserCreation
Test completed successfully- verifyAnnualPremiumUserCreation]]>
  </system-out>
  <testcase classname="newAccount.VerifyAnnualPremiumUserCreation" name="makePayment" time="8.975"/>
  <system-out>
    <![CDATA[Test started- makePayment
Test completed successfully- makePayment]]>
  </system-out>
</testsuite> <!-- newAccount.VerifyAnnualPremiumUserCreation -->
