<?xml version="1.0" encoding="UTF-8"?>
<!-- Generated by org.testng.reporters.JUnitReportReporter -->
<testsuite hostname="360NDCLP414" failures="0" tests="1" name="homePage.VerifyNewBadge" time="106.672" errors="0" timestamp="2023-09-21T00:00:50 IST" skipped="0">
  <testcase classname="homePage.VerifyNewBadge" name="verifyNewBadge" time="106.672"/>
  <system-out>
    <![CDATA[Test started- verifyNewBadge
Test completed successfully- verifyNewBadge]]>
  </system-out>
</testsuite> <!-- homePage.VerifyNewBadge -->
