<?xml version="1.0" encoding="UTF-8"?>
<!-- Generated by org.testng.reporters.JUnitReportReporter -->
<testsuite hostname="360NDCLP414" failures="0" tests="1" name="userProfile.VerifyDeleteNewProfile" time="40.539" errors="0" timestamp="2023-09-21T00:00:50 IST" skipped="0">
  <testcase classname="userProfile.VerifyDeleteNewProfile" name="deleteNewProfile" time="40.539"/>
  <system-out>
    <![CDATA[Test started- deleteNewProfile
Test completed successfully- deleteNewProfile]]>
  </system-out>
</testsuite> <!-- userProfile.VerifyDeleteNewProfile -->
