<?xml version="1.0" encoding="UTF-8"?>
<!-- Generated by org.testng.reporters.JUnitReportReporter -->
<testsuite hostname="360NDCLP414" failures="0" tests="1" name="homePage.VerifyHomePage" time="55.980" errors="0" timestamp="2023-06-16T23:43:25 IST" skipped="0">
  <testcase classname="homePage.VerifyHomePage" name="homePage" time="55.980"/>
  <system-out>
    <![CDATA[Test started- homePage
Test completed successfully- homePage]]>
  </system-out>
</testsuite> <!-- homePage.VerifyHomePage -->
