<?xml version="1.0" encoding="UTF-8"?>
<!-- Generated by org.testng.reporters.JUnitReportReporter -->
<testsuite hostname="360NDCLP414" failures="0" tests="1" name="showsPage.VerifyShowPageRainmaker" time="33.124" errors="0" timestamp="2023-06-12T09:59:52 IST" skipped="0">
  <testcase classname="showsPage.VerifyShowPageRainmaker" name="verifyShowPageRainmaker" time="33.124"/>
  <system-out>
    <![CDATA[Test started- verifyShowPageRainmaker
Test completed successfully- verifyShowPageRainmaker]]>
  </system-out>
</testsuite> <!-- showsPage.VerifyShowPageRainmaker -->
