<?xml version="1.0" encoding="UTF-8"?>
<!-- Generated by org.testng.reporters.JUnitReportReporter -->
<testsuite hostname="360NDCLP414" failures="0" tests="2" name="newAccount.VerifyMonthlyPremiumUserCreation" time="13.670" errors="0" timestamp="2023-09-21T00:00:50 IST" skipped="0">
  <testcase classname="newAccount.VerifyMonthlyPremiumUserCreation" name="verifyMonthlyPremiumUserCreation" time="5.175"/>
  <system-out>
    <![CDATA[Test started- verifyMonthlyPremiumUserCreation
Test completed successfully- verifyMonthlyPremiumUserCreation]]>
  </system-out>
  <testcase classname="newAccount.VerifyMonthlyPremiumUserCreation" name="makePayment" time="8.495"/>
  <system-out>
    <![CDATA[Test started- makePayment
Test completed successfully- makePayment]]>
  </system-out>
</testsuite> <!-- newAccount.VerifyMonthlyPremiumUserCreation -->
