<?xml version="1.0" encoding="UTF-8"?>
<!-- Generated by org.testng.reporters.JUnitReportReporter -->
<testsuite hostname="360NDCLP414" failures="0" tests="1" name="userProfile.VerifyNewProfileShowPicker" time="70.626" errors="0" timestamp="2023-06-16T23:43:25 IST" skipped="0">
  <testcase classname="userProfile.VerifyNewProfileShowPicker" name="newProfileShowPicker" time="70.626"/>
  <system-out>
    <![CDATA[Test started- newProfileShowPicker
Test completed successfully- newProfileShowPicker]]>
  </system-out>
</testsuite> <!-- userProfile.VerifyNewProfileShowPicker -->
