<?xml version="1.0" encoding="UTF-8"?>
<!-- Generated by org.testng.reporters.JUnitReportReporter -->
<testsuite hostname="360NDCLP414" failures="0" tests="1" name="upsellPage.VerifyStudentsUpsellCopy" time="4.588" errors="0" timestamp="2023-09-21T00:00:50 IST" skipped="0">
  <testcase classname="upsellPage.VerifyStudentsUpsellCopy" name="verifySudentUpsellCopy" time="4.588"/>
  <system-out>
    <![CDATA[Test started- verifySudentUpsellCopy
Test completed successfully- verifySudentUpsellCopy]]>
  </system-out>
</testsuite> <!-- upsellPage.VerifyStudentsUpsellCopy -->
