<?xml version="1.0" encoding="UTF-8"?>
<!-- Generated by org.testng.reporters.JUnitReportReporter -->
<testsuite hostname="360NDCLP414" failures="0" tests="1" name="homePage.VerifyMyListCarouselNotDisplayed" time="145.409" errors="0" timestamp="2023-06-02T01:03:46 IST" skipped="0">
  <testcase classname="homePage.VerifyMyListCarouselNotDisplayed" name="verifyNoMyListCarousel" time="145.409"/>
  <system-out>
    <![CDATA[Test started- verifyNoMyListCarousel
Test completed successfully- verifyNoMyListCarousel]]>
  </system-out>
</testsuite> <!-- homePage.VerifyMyListCarouselNotDisplayed -->
