<?xml version="1.0" encoding="UTF-8"?>
<!-- Generated by org.testng.reporters.JUnitReportReporter -->
<testsuite hostname="360NDCLP414" failures="0" tests="2" name="newAccount.VerifyMonthlyEssentialUserCreation" time="15.020" errors="0" timestamp="2023-09-21T00:00:50 IST" skipped="0">
  <testcase classname="newAccount.VerifyMonthlyEssentialUserCreation" name="verifyMonthlyEssentialUserCreation" time="6.123"/>
  <system-out>
    <![CDATA[Test started- verifyMonthlyEssentialUserCreation
Test completed successfully- verifyMonthlyEssentialUserCreation]]>
  </system-out>
  <testcase classname="newAccount.VerifyMonthlyEssentialUserCreation" name="makePayment" time="8.897"/>
  <system-out>
    <![CDATA[Test started- makePayment
Test completed successfully- makePayment]]>
  </system-out>
</testsuite> <!-- newAccount.VerifyMonthlyEssentialUserCreation -->
