<?xml version="1.0" encoding="UTF-8"?>
<!-- Generated by org.testng.reporters.JUnitReportReporter -->
<testsuite hostname="360NDCLP414" failures="0" tests="1" name="newAccount.VerifyPlanPage" time="6.944" errors="0" timestamp="2023-09-21T00:00:50 IST" skipped="0">
  <testcase classname="newAccount.VerifyPlanPage" name="planPage" time="6.944"/>
  <system-out>
    <![CDATA[Test started- planPage
Test completed successfully- planPage]]>
  </system-out>
</testsuite> <!-- newAccount.VerifyPlanPage -->
