<?xml version="1.0" encoding="UTF-8"?>
<!-- Generated by org.testng.reporters.JUnitReportReporter -->
<testsuite hostname="360NDCLP414" failures="0" tests="1" name="showsPage.VerifyHideRainmaker" time="113.480" errors="0" timestamp="2023-06-16T23:43:25 IST" skipped="0">
  <testcase classname="showsPage.VerifyHideRainmaker" name="verifyHideRainmaker" time="113.480"/>
  <system-out>
    <![CDATA[Test started- verifyHideRainmaker
Test completed successfully- verifyHideRainmaker]]>
  </system-out>
</testsuite> <!-- showsPage.VerifyHideRainmaker -->
