<?xml version="1.0" encoding="UTF-8"?>
<!-- Generated by org.testng.reporters.JUnitReportReporter -->
<testsuite hostname="360NDCLP414" failures="0" tests="1" name="searchResult.VerifySearchResult" time="87.986" errors="0" timestamp="2023-09-21T00:00:50 IST" skipped="0">
  <testcase classname="searchResult.VerifySearchResult" name="performSearchAndVerifyResult" time="87.986"/>
  <system-out>
    <![CDATA[Test started- performSearchAndVerifyResult
Test completed successfully- performSearchAndVerifyResult]]>
  </system-out>
</testsuite> <!-- searchResult.VerifySearchResult -->
