<?xml version="1.0" encoding="UTF-8"?>
<!-- Generated by org.testng.reporters.JUnitReportReporter -->
<testsuite hostname="360NDCLP414" failures="0" tests="1" name="userProfile.VerifyKidsUserProfile" time="45.378" errors="0" timestamp="2023-09-21T00:00:50 IST" skipped="0">
  <testcase classname="userProfile.VerifyKidsUserProfile" name="verifyKidsUserProfilePicker" time="45.378"/>
  <system-out>
    <![CDATA[Test started- verifyKidsUserProfilePicker
Test completed successfully- verifyKidsUserProfilePicker]]>
  </system-out>
</testsuite> <!-- userProfile.VerifyKidsUserProfile -->
