<?xml version="1.0" encoding="UTF-8"?>
<!-- Generated by org.testng.reporters.JUnitReportReporter -->
<testsuite hostname="360NDCLP414" failures="0" tests="2" name="moviesPage.VerifyNonWatchlistSelectedMovie" time="79.300" errors="0" timestamp="2023-09-21T00:00:50 IST" skipped="0">
  <testcase classname="moviesPage.VerifyNonWatchlistSelectedMovie" name="verifyNonWatchlistSelectMovie" time="78.190"/>
  <system-out>
    <![CDATA[Test started- verifyNonWatchlistSelectMovie
Test completed successfully- verifyNonWatchlistSelectMovie]]>
  </system-out>
  <testcase classname="moviesPage.VerifyNonWatchlistSelectedMovie" name="addMovieToMyList" time="1.110"/>
  <system-out>
    <![CDATA[Test started- addMovieToMyList
Test completed successfully- addMovieToMyList]]>
  </system-out>
</testsuite> <!-- moviesPage.VerifyNonWatchlistSelectedMovie -->
