<?xml version="1.0" encoding="UTF-8"?>
<!-- Generated by org.testng.reporters.JUnitReportReporter -->
<testsuite hostname="360NDCLP414" failures="0" tests="1" name="homePage.VerifyJustAddedBadge" time="101.665" errors="0" timestamp="2023-06-02T01:03:46 IST" skipped="0">
  <testcase classname="homePage.VerifyJustAddedBadge" name="verifyJustAddedBadge" time="101.665"/>
  <system-out>
    <![CDATA[Test started- verifyJustAddedBadge
Test completed successfully- verifyJustAddedBadge]]>
  </system-out>
</testsuite> <!-- homePage.VerifyJustAddedBadge -->
