<?xml version="1.0" encoding="UTF-8"?>
<!-- Generated by org.testng.reporters.JUnitReportReporter -->
<testsuite hostname="360NDCLP414" failures="0" tests="1" name="newAccount.VerifyPlanPage" time="38.394" errors="0" timestamp="2023-06-02T01:03:46 IST" skipped="0">
  <testcase classname="newAccount.VerifyPlanPage" name="planPage" time="38.394"/>
  <system-out>
    <![CDATA[Test started- planPage
Test completed successfully- planPage]]>
  </system-out>
</testsuite> <!-- newAccount.VerifyPlanPage -->
