<?xml version="1.0" encoding="UTF-8"?>
<!-- Generated by org.testng.reporters.JUnitReportReporter -->
<testsuite hostname="360NDCLP414" failures="0" tests="2" name="showsPage.VerifyNonWatchlistSelectedShow" time="43.245" errors="0" timestamp="2023-09-21T00:00:50 IST" skipped="0">
  <testcase classname="showsPage.VerifyNonWatchlistSelectedShow" name="verifyNonWatchlistSelectedShow" time="42.201"/>
  <system-out>
    <![CDATA[Test started- verifyNonWatchlistSelectedShow
Test completed successfully- verifyNonWatchlistSelectedShow]]>
  </system-out>
  <testcase classname="showsPage.VerifyNonWatchlistSelectedShow" name="addShowToMyList" time="1.044"/>
  <system-out>
    <![CDATA[Test started- addShowToMyList
Test completed successfully- addShowToMyList]]>
  </system-out>
</testsuite> <!-- showsPage.VerifyNonWatchlistSelectedShow -->
